# JRE version: Java(TM) SE Runtime Environment (8.0_91-b15) (build 1.8.0_91-b15)
# Java VM: Java HotSpot(TM) 64-Bit Server VM (25.91-b15 mixed mode windows-amd64 compressed oops)
Heap:
 PSYoungGen      total 288256K, used 52898K [0x00000000d5c00000, 0x00000000edb80000, 0x0000000100000000)
  eden space 211456K, 4% used [0x00000000d5c00000,0x00000000d64e79e0,0x00000000e2a80000)
  from space 76800K, 57% used [0x00000000e9080000,0x00000000ebb41058,0x00000000edb80000)
  to   space 90624K, 0% used [0x00000000e2a80000,0x00000000e2a80000,0x00000000e8300000)
 ParOldGen       total 268800K, used 126677K [0x0000000081400000, 0x0000000091a80000, 0x00000000d5c00000)
  object space 268800K, 47% used [0x0000000081400000,0x0000000088fb5590,0x0000000091a80000)
 Metaspace       used 16845K, capacity 17096K, committed 17536K, reserved 1064960K
  class space    used 1986K, capacity 2062K, committed 2176K, reserved 1048576K
GC Heap History (10 events):
Event: 17.095 GC heap before
{Heap before GC invocations=7 (full 2):
 PSYoungGen      total 121344K, used 113357K [0x00000000d5c00000, 0x00000000de800000, 0x0000000100000000)
  eden space 116224K, 97% used [0x00000000d5c00000,0x00000000dcab3530,0x00000000dcd80000)
  from space 5120K, 0% used [0x00000000de300000,0x00000000de300000,0x00000000de800000)
  to   space 5120K, 0% used [0x00000000dde00000,0x00000000dde00000,0x00000000de300000)
 ParOldGen       total 236032K, used 90469K [0x0000000081400000, 0x000000008fa80000, 0x00000000d5c00000)
  object space 236032K, 38% used [0x0000000081400000,0x0000000086c595d0,0x000000008fa80000)
 Metaspace       used 16031K, capacity 16296K, committed 16640K, reserved 1064960K
  class space    used 1963K, capacity 2030K, committed 2048K, reserved 1048576K
Event: 17.133 GC heap after
Heap after GC invocations=7 (full 2):
 PSYoungGen      total 138240K, used 4468K [0x00000000d5c00000, 0x00000000e9680000, 0x0000000100000000)
  eden space 133120K, 0% used [0x00000000d5c00000,0x00000000d5c00000,0x00000000dde00000)
  from space 5120K, 87% used [0x00000000dde00000,0x00000000de25d0f0,0x00000000de300000)
  to   space 75264K, 0% used [0x00000000e4d00000,0x00000000e4d00000,0x00000000e9680000)
 ParOldGen       total 236032K, used 159185K [0x0000000081400000, 0x000000008fa80000, 0x00000000d5c00000)
  object space 236032K, 67% used [0x0000000081400000,0x000000008af74710,0x000000008fa80000)
 Metaspace       used 16031K, capacity 16296K, committed 16640K, reserved 1064960K
  class space    used 1963K, capacity 2030K, committed 2048K, reserved 1048576K
}
Event: 17.133 GC heap before
{Heap before GC invocations=8 (full 3):
 PSYoungGen      total 138240K, used 4468K [0x00000000d5c00000, 0x00000000e9680000, 0x0000000100000000)
  eden space 133120K, 0% used [0x00000000d5c00000,0x00000000d5c00000,0x00000000dde00000)
  from space 5120K, 87% used [0x00000000dde00000,0x00000000de25d0f0,0x00000000de300000)
  to   space 75264K, 0% used [0x00000000e4d00000,0x00000000e4d00000,0x00000000e9680000)
 ParOldGen       total 236032K, used 159185K [0x0000000081400000, 0x000000008fa80000, 0x00000000d5c00000)
  object space 236032K, 67% used [0x0000000081400000,0x000000008af74710,0x000000008fa80000)
 Metaspace       used 16031K, capacity 16296K, committed 16640K, reserved 1064960K
  class space    used 1963K, capacity 2030K, committed 2048K, reserved 1048576K
Event: 17.217 GC heap after
Heap after GC invocations=8 (full 3):
 PSYoungGen      total 138240K, used 0K [0x00000000d5c00000, 0x00000000e9680000, 0x0000000100000000)
  eden space 133120K, 0% used [0x00000000d5c00000,0x00000000d5c00000,0x00000000dde00000)
  from space 5120K, 0% used [0x00000000dde00000,0x00000000dde00000,0x00000000de300000)
  to   space 75264K, 0% used [0x00000000e4d00000,0x00000000e4d00000,0x00000000e9680000)
 ParOldGen       total 268800K, used 94253K [0x0000000081400000, 0x0000000091a80000, 0x00000000d5c00000)
  object space 268800K, 35% used [0x0000000081400000,0x000000008700b560,0x0000000091a80000)
 Metaspace       used 16031K, capacity 16296K, committed 16640K, reserved 1064960K
  class space    used 1963K, capacity 2030K, committed 2048K, reserved 1048576K
}
Event: 27.312 GC heap before
{Heap before GC invocations=9 (full 3):
 PSYoungGen      total 138240K, used 133120K [0x00000000d5c00000, 0x00000000e9680000, 0x0000000100000000)
  eden space 133120K, 100% used [0x00000000d5c00000,0x00000000dde00000,0x00000000dde00000)
  from space 5120K, 0% used [0x00000000dde00000,0x00000000dde00000,0x00000000de300000)
  to   space 75264K, 0% used [0x00000000e4d00000,0x00000000e4d00000,0x00000000e9680000)
 ParOldGen       total 268800K, used 94253K [0x0000000081400000, 0x0000000091a80000, 0x00000000d5c00000)
  object space 268800K, 35% used [0x0000000081400000,0x000000008700b560,0x0000000091a80000)
 Metaspace       used 16172K, capacity 16424K, committed 16640K, reserved 1064960K
  class space    used 1963K, capacity 2030K, committed 2048K, reserved 1048576K
Event: 27.330 GC heap after
Heap after GC invocations=9 (full 3):
 PSYoungGen      total 231936K, used 65200K [0x00000000d5c00000, 0x00000000ecd00000, 0x0000000100000000)
  eden space 156672K, 0% used [0x00000000d5c00000,0x00000000d5c00000,0x00000000df500000)
  from space 75264K, 86% used [0x00000000e4d00000,0x00000000e8cac070,0x00000000e9680000)
  to   space 90112K, 0% used [0x00000000df500000,0x00000000df500000,0x00000000e4d00000)
 ParOldGen       total 268800K, used 126661K [0x0000000081400000, 0x0000000091a80000, 0x00000000d5c00000)
  object space 268800K, 47% used [0x0000000081400000,0x0000000088fb1590,0x0000000091a80000)
 Metaspace       used 16172K, capacity 16424K, committed 16640K, reserved 1064960K
  class space    used 1963K, capacity 2030K, committed 2048K, reserved 1048576K
}
Event: 47.169 GC heap before
{Heap before GC invocations=10 (full 3):
 PSYoungGen      total 231936K, used 221872K [0x00000000d5c00000, 0x00000000ecd00000, 0x0000000100000000)
  eden space 156672K, 100% used [0x00000000d5c00000,0x00000000df500000,0x00000000df500000)
  from space 75264K, 86% used [0x00000000e4d00000,0x00000000e8cac070,0x00000000e9680000)
  to   space 90112K, 0% used [0x00000000df500000,0x00000000df500000,0x00000000e4d00000)
 ParOldGen       total 268800K, used 126661K [0x0000000081400000, 0x0000000091a80000, 0x00000000d5c00000)
  object space 268800K, 47% used [0x0000000081400000,0x0000000088fb1590,0x0000000091a80000)
 Metaspace       used 16346K, capacity 16616K, committed 16896K, reserved 1064960K
  class space    used 1963K, capacity 2030K, committed 2048K, reserved 1048576K
Event: 47.188 GC heap after
Heap after GC invocations=10 (full 3):
 PSYoungGen      total 246784K, used 54400K [0x00000000d5c00000, 0x00000000eec00000, 0x0000000100000000)
  eden space 156672K, 0% used [0x00000000d5c00000,0x00000000d5c00000,0x00000000df500000)
  from space 90112K, 60% used [0x00000000df500000,0x00000000e2a20060,0x00000000e4d00000)
  to   space 93696K, 0% used [0x00000000e9080000,0x00000000e9080000,0x00000000eec00000)
 ParOldGen       total 268800K, used 126669K [0x0000000081400000, 0x0000000091a80000, 0x00000000d5c00000)
  object space 268800K, 47% used [0x0000000081400000,0x0000000088fb3590,0x0000000091a80000)
 Metaspace       used 16346K, capacity 16616K, committed 16896K, reserved 1064960K
  class space    used 1963K, capacity 2030K, committed 2048K, reserved 1048576K
}
Event: 421.727 GC heap before
{Heap before GC invocations=11 (full 3):
 PSYoungGen      total 246784K, used 211072K [0x00000000d5c00000, 0x00000000eec00000, 0x0000000100000000)
  eden space 156672K, 100% used [0x00000000d5c00000,0x00000000df500000,0x00000000df500000)
  from space 90112K, 60% used [0x00000000df500000,0x00000000e2a20060,0x00000000e4d00000)
  to   space 93696K, 0% used [0x00000000e9080000,0x00000000e9080000,0x00000000eec00000)
 ParOldGen       total 268800K, used 126669K [0x0000000081400000, 0x0000000091a80000, 0x00000000d5c00000)
  object space 268800K, 47% used [0x0000000081400000,0x0000000088fb3590,0x0000000091a80000)
 Metaspace       used 16842K, capacity 17096K, committed 17536K, reserved 1064960K
  class space    used 1986K, capacity 2062K, committed 2176K, reserved 1048576K
Event: 421.761 GC heap after
Heap after GC invocations=11 (full 3):
 PSYoungGen      total 288256K, used 43780K [0x00000000d5c00000, 0x00000000edb80000, 0x0000000100000000)
  eden space 211456K, 0% used [0x00000000d5c00000,0x00000000d5c00000,0x00000000e2a80000)
  from space 76800K, 57% used [0x00000000e9080000,0x00000000ebb41058,0x00000000edb80000)
  to   space 90624K, 0% used [0x00000000e2a80000,0x00000000e2a80000,0x00000000e8300000)
 ParOldGen       total 268800K, used 126677K [0x0000000081400000, 0x0000000091a80000, 0x00000000d5c00000)
  object space 268800K, 47% used [0x0000000081400000,0x0000000088fb5590,0x0000000091a80000)
 Metaspace       used 16842K, capacity 17096K, committed 17536K, reserved 1064960K
  class space    used 1986K, capacity 2062K, committed 2176K, reserved 1048576K
}

